{"C:\\Users\\shoeb\\My Learnings\\DevOps-Engneering\\cicd-projects\\02-k8s-health-dashboard\\backend\\server.js": {"path":"C:\\Users\\shoeb\\My Learnings\\DevOps-Engneering\\cicd-projects\\02-k8s-health-dashboard\\backend\\server.js","statementMap":{"0":{"start":{"line":11,"column":12},"end":{"line":11,"column":21}},"1":{"start":{"line":12,"column":13},"end":{"line":12,"column":17}},"2":{"start":{"line":15,"column":0},"end":{"line":15,"column":16}},"3":{"start":{"line":16,"column":0},"end":{"line":16,"column":24}},"4":{"start":{"line":22,"column":11},"end":{"line":22,"column":31}},"5":{"start":{"line":24,"column":0},"end":{"line":32,"column":1}},"6":{"start":{"line":26,"column":4},"end":{"line":26,"column":25}},"7":{"start":{"line":27,"column":4},"end":{"line":27,"column":53}},"8":{"start":{"line":28,"column":4},"end":{"line":28,"column":63}},"9":{"start":{"line":30,"column":4},"end":{"line":30,"column":65}},"10":{"start":{"line":31,"column":4},"end":{"line":31,"column":74}},"11":{"start":{"line":35,"column":15},"end":{"line":35,"column":46}},"12":{"start":{"line":36,"column":16},"end":{"line":36,"column":47}},"13":{"start":{"line":43,"column":0},"end":{"line":49,"column":3}},"14":{"start":{"line":44,"column":4},"end":{"line":48,"column":7}},"15":{"start":{"line":52,"column":0},"end":{"line":85,"column":3}},"16":{"start":{"line":53,"column":4},"end":{"line":84,"column":5}},"17":{"start":{"line":54,"column":8},"end":{"line":54,"column":43}},"18":{"start":{"line":55,"column":25},"end":{"line":55,"column":63}},"19":{"start":{"line":58,"column":22},"end":{"line":58,"column":68}},"20":{"start":{"line":61,"column":21},"end":{"line":73,"column":11}},"21":{"start":{"line":61,"column":39},"end":{"line":73,"column":9}},"22":{"start":{"line":66,"column":58},"end":{"line":66,"column":65}},"23":{"start":{"line":69,"column":66},"end":{"line":69,"column":86}},"24":{"start":{"line":75,"column":8},"end":{"line":75,"column":51}},"25":{"start":{"line":76,"column":8},"end":{"line":76,"column":23}},"26":{"start":{"line":78,"column":8},"end":{"line":78,"column":63}},"27":{"start":{"line":79,"column":8},"end":{"line":83,"column":11}},"28":{"start":{"line":88,"column":0},"end":{"line":120,"column":3}},"29":{"start":{"line":89,"column":4},"end":{"line":119,"column":5}},"30":{"start":{"line":90,"column":8},"end":{"line":90,"column":46}},"31":{"start":{"line":91,"column":25},"end":{"line":91,"column":48}},"32":{"start":{"line":94,"column":22},"end":{"line":94,"column":68}},"33":{"start":{"line":97,"column":22},"end":{"line":108,"column":11}},"34":{"start":{"line":97,"column":41},"end":{"line":108,"column":9}},"35":{"start":{"line":99,"column":55},"end":{"line":99,"column":73}},"36":{"start":{"line":110,"column":8},"end":{"line":110,"column":53}},"37":{"start":{"line":111,"column":8},"end":{"line":111,"column":24}},"38":{"start":{"line":113,"column":8},"end":{"line":113,"column":64}},"39":{"start":{"line":114,"column":8},"end":{"line":118,"column":11}},"40":{"start":{"line":123,"column":0},"end":{"line":148,"column":3}},"41":{"start":{"line":124,"column":4},"end":{"line":147,"column":5}},"42":{"start":{"line":125,"column":8},"end":{"line":125,"column":50}},"43":{"start":{"line":126,"column":25},"end":{"line":126,"column":71}},"44":{"start":{"line":129,"column":28},"end":{"line":137,"column":11}},"45":{"start":{"line":129,"column":60},"end":{"line":137,"column":9}},"46":{"start":{"line":139,"column":8},"end":{"line":139,"column":65}},"47":{"start":{"line":140,"column":8},"end":{"line":140,"column":30}},"48":{"start":{"line":142,"column":8},"end":{"line":142,"column":70}},"49":{"start":{"line":143,"column":8},"end":{"line":146,"column":11}},"50":{"start":{"line":151,"column":0},"end":{"line":198,"column":3}},"51":{"start":{"line":152,"column":4},"end":{"line":197,"column":5}},"52":{"start":{"line":153,"column":8},"end":{"line":153,"column":54}},"53":{"start":{"line":155,"column":67},"end":{"line":159,"column":10}},"54":{"start":{"line":161,"column":21},"end":{"line":161,"column":75}},"55":{"start":{"line":162,"column":22},"end":{"line":162,"column":78}},"56":{"start":{"line":163,"column":28},"end":{"line":163,"column":96}},"57":{"start":{"line":165,"column":24},"end":{"line":186,"column":9}},"58":{"start":{"line":170,"column":20},"end":{"line":170,"column":90}},"59":{"start":{"line":170,"column":52},"end":{"line":170,"column":70}},"60":{"start":{"line":175,"column":42},"end":{"line":175,"column":71}},"61":{"start":{"line":176,"column":42},"end":{"line":176,"column":71}},"62":{"start":{"line":177,"column":41},"end":{"line":177,"column":69}},"63":{"start":{"line":178,"column":44},"end":{"line":178,"column":75}},"64":{"start":{"line":183,"column":20},"end":{"line":183,"column":64}},"65":{"start":{"line":188,"column":8},"end":{"line":188,"column":51}},"66":{"start":{"line":189,"column":8},"end":{"line":189,"column":26}},"67":{"start":{"line":191,"column":8},"end":{"line":191,"column":74}},"68":{"start":{"line":192,"column":8},"end":{"line":196,"column":11}},"69":{"start":{"line":206,"column":20},"end":{"line":206,"column":47}},"70":{"start":{"line":207,"column":16},"end":{"line":207,"column":26}},"71":{"start":{"line":208,"column":19},"end":{"line":208,"column":32}},"72":{"start":{"line":210,"column":17},"end":{"line":210,"column":59}},"73":{"start":{"line":211,"column":18},"end":{"line":211,"column":81}},"74":{"start":{"line":212,"column":20},"end":{"line":212,"column":73}},"75":{"start":{"line":214,"column":4},"end":{"line":214,"column":36}},"76":{"start":{"line":214,"column":18},"end":{"line":214,"column":36}},"77":{"start":{"line":215,"column":4},"end":{"line":215,"column":38}},"78":{"start":{"line":215,"column":19},"end":{"line":215,"column":38}},"79":{"start":{"line":216,"column":4},"end":{"line":216,"column":25}},"80":{"start":{"line":223,"column":0},"end":{"line":234,"column":3}},"81":{"start":{"line":224,"column":4},"end":{"line":224,"column":62}},"82":{"start":{"line":225,"column":4},"end":{"line":225,"column":65}},"83":{"start":{"line":226,"column":4},"end":{"line":226,"column":45}},"84":{"start":{"line":227,"column":4},"end":{"line":227,"column":59}},"85":{"start":{"line":228,"column":4},"end":{"line":228,"column":62}},"86":{"start":{"line":229,"column":4},"end":{"line":229,"column":55}},"87":{"start":{"line":230,"column":4},"end":{"line":230,"column":56}},"88":{"start":{"line":231,"column":4},"end":{"line":231,"column":62}},"89":{"start":{"line":232,"column":4},"end":{"line":232,"column":71}},"90":{"start":{"line":233,"column":4},"end":{"line":233,"column":20}}},"fnMap":{"0":{"name":"(anonymous_0)","decl":{"start":{"line":43,"column":23},"end":{"line":43,"column":24}},"loc":{"start":{"line":43,"column":37},"end":{"line":49,"column":1}},"line":43},"1":{"name":"(anonymous_1)","decl":{"start":{"line":52,"column":21},"end":{"line":52,"column":22}},"loc":{"start":{"line":52,"column":41},"end":{"line":85,"column":1}},"line":52},"2":{"name":"(anonymous_2)","decl":{"start":{"line":61,"column":31},"end":{"line":61,"column":32}},"loc":{"start":{"line":61,"column":39},"end":{"line":73,"column":9}},"line":61},"3":{"name":"(anonymous_3)","decl":{"start":{"line":66,"column":53},"end":{"line":66,"column":54}},"loc":{"start":{"line":66,"column":58},"end":{"line":66,"column":65}},"line":66},"4":{"name":"(anonymous_4)","decl":{"start":{"line":69,"column":54},"end":{"line":69,"column":55}},"loc":{"start":{"line":69,"column":66},"end":{"line":69,"column":86}},"line":69},"5":{"name":"(anonymous_5)","decl":{"start":{"line":88,"column":22},"end":{"line":88,"column":23}},"loc":{"start":{"line":88,"column":42},"end":{"line":120,"column":1}},"line":88},"6":{"name":"(anonymous_6)","decl":{"start":{"line":97,"column":32},"end":{"line":97,"column":33}},"loc":{"start":{"line":97,"column":41},"end":{"line":108,"column":9}},"line":97},"7":{"name":"(anonymous_7)","decl":{"start":{"line":99,"column":50},"end":{"line":99,"column":51}},"loc":{"start":{"line":99,"column":55},"end":{"line":99,"column":73}},"line":99},"8":{"name":"(anonymous_8)","decl":{"start":{"line":123,"column":28},"end":{"line":123,"column":29}},"loc":{"start":{"line":123,"column":48},"end":{"line":148,"column":1}},"line":123},"9":{"name":"(anonymous_9)","decl":{"start":{"line":129,"column":52},"end":{"line":129,"column":53}},"loc":{"start":{"line":129,"column":60},"end":{"line":137,"column":9}},"line":129},"10":{"name":"(anonymous_10)","decl":{"start":{"line":151,"column":24},"end":{"line":151,"column":25}},"loc":{"start":{"line":151,"column":44},"end":{"line":198,"column":1}},"line":151},"11":{"name":"(anonymous_11)","decl":{"start":{"line":169,"column":41},"end":{"line":169,"column":42}},"loc":{"start":{"line":170,"column":20},"end":{"line":170,"column":90}},"line":170},"12":{"name":"(anonymous_12)","decl":{"start":{"line":170,"column":47},"end":{"line":170,"column":48}},"loc":{"start":{"line":170,"column":52},"end":{"line":170,"column":70}},"line":170},"13":{"name":"(anonymous_13)","decl":{"start":{"line":175,"column":37},"end":{"line":175,"column":38}},"loc":{"start":{"line":175,"column":42},"end":{"line":175,"column":71}},"line":175},"14":{"name":"(anonymous_14)","decl":{"start":{"line":176,"column":37},"end":{"line":176,"column":38}},"loc":{"start":{"line":176,"column":42},"end":{"line":176,"column":71}},"line":176},"15":{"name":"(anonymous_15)","decl":{"start":{"line":177,"column":36},"end":{"line":177,"column":37}},"loc":{"start":{"line":177,"column":41},"end":{"line":177,"column":69}},"line":177},"16":{"name":"(anonymous_16)","decl":{"start":{"line":178,"column":39},"end":{"line":178,"column":40}},"loc":{"start":{"line":178,"column":44},"end":{"line":178,"column":75}},"line":178},"17":{"name":"(anonymous_17)","decl":{"start":{"line":182,"column":42},"end":{"line":182,"column":43}},"loc":{"start":{"line":183,"column":20},"end":{"line":183,"column":64}},"line":183},"18":{"name":"calculateAge","decl":{"start":{"line":205,"column":9},"end":{"line":205,"column":21}},"loc":{"start":{"line":205,"column":41},"end":{"line":217,"column":1}},"line":205},"19":{"name":"(anonymous_19)","decl":{"start":{"line":223,"column":17},"end":{"line":223,"column":18}},"loc":{"start":{"line":223,"column":23},"end":{"line":234,"column":1}},"line":223}},"branchMap":{"0":{"loc":{"start":{"line":58,"column":22},"end":{"line":58,"column":68}},"type":"binary-expr","locations":[{"start":{"line":58,"column":22},"end":{"line":58,"column":43}},{"start":{"line":58,"column":47},"end":{"line":58,"column":62}},{"start":{"line":58,"column":66},"end":{"line":58,"column":68}}],"line":58},"1":{"loc":{"start":{"line":62,"column":18},"end":{"line":62,"column":49}},"type":"binary-expr","locations":[{"start":{"line":62,"column":18},"end":{"line":62,"column":36}},{"start":{"line":62,"column":40},"end":{"line":62,"column":49}}],"line":62},"2":{"loc":{"start":{"line":63,"column":23},"end":{"line":63,"column":59}},"type":"binary-expr","locations":[{"start":{"line":63,"column":23},"end":{"line":63,"column":46}},{"start":{"line":63,"column":50},"end":{"line":63,"column":59}}],"line":63},"3":{"loc":{"start":{"line":64,"column":20},"end":{"line":64,"column":50}},"type":"binary-expr","locations":[{"start":{"line":64,"column":20},"end":{"line":64,"column":37}},{"start":{"line":64,"column":41},"end":{"line":64,"column":50}}],"line":64},"4":{"loc":{"start":{"line":65,"column":19},"end":{"line":67,"column":23}},"type":"cond-expr","locations":[{"start":{"line":66,"column":18},"end":{"line":66,"column":66}},{"start":{"line":67,"column":18},"end":{"line":67,"column":23}}],"line":65},"5":{"loc":{"start":{"line":68,"column":22},"end":{"line":70,"column":19}},"type":"cond-expr","locations":[{"start":{"line":69,"column":18},"end":{"line":69,"column":90}},{"start":{"line":70,"column":18},"end":{"line":70,"column":19}}],"line":68},"6":{"loc":{"start":{"line":72,"column":18},"end":{"line":72,"column":45}},"type":"binary-expr","locations":[{"start":{"line":72,"column":18},"end":{"line":72,"column":36}},{"start":{"line":72,"column":40},"end":{"line":72,"column":45}}],"line":72},"7":{"loc":{"start":{"line":94,"column":22},"end":{"line":94,"column":68}},"type":"binary-expr","locations":[{"start":{"line":94,"column":22},"end":{"line":94,"column":43}},{"start":{"line":94,"column":47},"end":{"line":94,"column":62}},{"start":{"line":94,"column":66},"end":{"line":94,"column":68}}],"line":94},"8":{"loc":{"start":{"line":98,"column":18},"end":{"line":98,"column":50}},"type":"binary-expr","locations":[{"start":{"line":98,"column":18},"end":{"line":98,"column":37}},{"start":{"line":98,"column":41},"end":{"line":98,"column":50}}],"line":98},"9":{"loc":{"start":{"line":99,"column":20},"end":{"line":101,"column":28}},"type":"cond-expr","locations":[{"start":{"line":100,"column":18},"end":{"line":100,"column":25}},{"start":{"line":101,"column":18},"end":{"line":101,"column":28}}],"line":99},"10":{"loc":{"start":{"line":102,"column":19},"end":{"line":104,"column":26}},"type":"cond-expr","locations":[{"start":{"line":103,"column":18},"end":{"line":103,"column":33}},{"start":{"line":104,"column":18},"end":{"line":104,"column":26}}],"line":102},"11":{"loc":{"start":{"line":105,"column":21},"end":{"line":105,"column":67}},"type":"binary-expr","locations":[{"start":{"line":105,"column":21},"end":{"line":105,"column":58}},{"start":{"line":105,"column":62},"end":{"line":105,"column":67}}],"line":105},"12":{"loc":{"start":{"line":106,"column":16},"end":{"line":106,"column":55}},"type":"binary-expr","locations":[{"start":{"line":106,"column":16},"end":{"line":106,"column":46}},{"start":{"line":106,"column":50},"end":{"line":106,"column":55}}],"line":106},"13":{"loc":{"start":{"line":133,"column":23},"end":{"line":133,"column":56}},"type":"binary-expr","locations":[{"start":{"line":133,"column":23},"end":{"line":133,"column":51}},{"start":{"line":133,"column":55},"end":{"line":133,"column":56}}],"line":133},"14":{"loc":{"start":{"line":134,"column":19},"end":{"line":134,"column":48}},"type":"binary-expr","locations":[{"start":{"line":134,"column":19},"end":{"line":134,"column":43}},{"start":{"line":134,"column":47},"end":{"line":134,"column":48}}],"line":134},"15":{"loc":{"start":{"line":135,"column":22},"end":{"line":135,"column":53}},"type":"binary-expr","locations":[{"start":{"line":135,"column":22},"end":{"line":135,"column":48}},{"start":{"line":135,"column":52},"end":{"line":135,"column":53}}],"line":135},"16":{"loc":{"start":{"line":161,"column":21},"end":{"line":161,"column":75}},"type":"binary-expr","locations":[{"start":{"line":161,"column":21},"end":{"line":161,"column":46}},{"start":{"line":161,"column":50},"end":{"line":161,"column":69}},{"start":{"line":161,"column":73},"end":{"line":161,"column":75}}],"line":161},"17":{"loc":{"start":{"line":162,"column":22},"end":{"line":162,"column":78}},"type":"binary-expr","locations":[{"start":{"line":162,"column":22},"end":{"line":162,"column":48}},{"start":{"line":162,"column":52},"end":{"line":162,"column":72}},{"start":{"line":162,"column":76},"end":{"line":162,"column":78}}],"line":162},"18":{"loc":{"start":{"line":163,"column":28},"end":{"line":163,"column":96}},"type":"binary-expr","locations":[{"start":{"line":163,"column":28},"end":{"line":163,"column":60}},{"start":{"line":163,"column":64},"end":{"line":163,"column":90}},{"start":{"line":163,"column":94},"end":{"line":163,"column":96}}],"line":163},"19":{"loc":{"start":{"line":214,"column":4},"end":{"line":214,"column":36}},"type":"if","locations":[{"start":{"line":214,"column":4},"end":{"line":214,"column":36}},{"start":{},"end":{}}],"line":214},"20":{"loc":{"start":{"line":215,"column":4},"end":{"line":215,"column":38}},"type":"if","locations":[{"start":{"line":215,"column":4},"end":{"line":215,"column":38}},{"start":{},"end":{}}],"line":215}},"s":{"0":0,"1":0,"2":0,"3":0,"4":0,"5":0,"6":0,"7":0,"8":0,"9":0,"10":0,"11":0,"12":0,"13":0,"14":0,"15":0,"16":0,"17":0,"18":0,"19":0,"20":0,"21":0,"22":0,"23":0,"24":0,"25":0,"26":0,"27":0,"28":0,"29":0,"30":0,"31":0,"32":0,"33":0,"34":0,"35":0,"36":0,"37":0,"38":0,"39":0,"40":0,"41":0,"42":0,"43":0,"44":0,"45":0,"46":0,"47":0,"48":0,"49":0,"50":0,"51":0,"52":0,"53":0,"54":0,"55":0,"56":0,"57":0,"58":0,"59":0,"60":0,"61":0,"62":0,"63":0,"64":0,"65":0,"66":0,"67":0,"68":0,"69":0,"70":0,"71":0,"72":0,"73":0,"74":0,"75":0,"76":0,"77":0,"78":0,"79":0,"80":0,"81":0,"82":0,"83":0,"84":0,"85":0,"86":0,"87":0,"88":0,"89":0,"90":0},"f":{"0":0,"1":0,"2":0,"3":0,"4":0,"5":0,"6":0,"7":0,"8":0,"9":0,"10":0,"11":0,"12":0,"13":0,"14":0,"15":0,"16":0,"17":0,"18":0,"19":0},"b":{"0":[0,0,0],"1":[0,0],"2":[0,0],"3":[0,0],"4":[0,0],"5":[0,0],"6":[0,0],"7":[0,0,0],"8":[0,0],"9":[0,0],"10":[0,0],"11":[0,0],"12":[0,0],"13":[0,0],"14":[0,0],"15":[0,0],"16":[0,0,0],"17":[0,0,0],"18":[0,0,0],"19":[0,0],"20":[0,0]},"inputSourceMap":null}
}
