TN:
SF:server.js
FN:43,(anonymous_0)
FN:52,(anonymous_1)
FN:61,(anonymous_2)
FN:66,(anonymous_3)
FN:69,(anonymous_4)
FN:88,(anonymous_5)
FN:97,(anonymous_6)
FN:99,(anonymous_7)
FN:123,(anonymous_8)
FN:129,(anonymous_9)
FN:151,(anonymous_10)
FN:169,(anonymous_11)
FN:170,(anonymous_12)
FN:175,(anonymous_13)
FN:176,(anonymous_14)
FN:177,(anonymous_15)
FN:178,(anonymous_16)
FN:182,(anonymous_17)
FN:205,calculateAge
FN:223,(anonymous_19)
FNF:20
FNH:0
FNDA:0,(anonymous_0)
FNDA:0,(anonymous_1)
FNDA:0,(anonymous_2)
FNDA:0,(anonymous_3)
FNDA:0,(anonymous_4)
FNDA:0,(anonymous_5)
FNDA:0,(anonymous_6)
FNDA:0,(anonymous_7)
FNDA:0,(anonymous_8)
FNDA:0,(anonymous_9)
FNDA:0,(anonymous_10)
FNDA:0,(anonymous_11)
FNDA:0,(anonymous_12)
FNDA:0,(anonymous_13)
FNDA:0,(anonymous_14)
FNDA:0,(anonymous_15)
FNDA:0,(anonymous_16)
FNDA:0,(anonymous_17)
FNDA:0,calculateAge
FNDA:0,(anonymous_19)
DA:11,0
DA:12,0
DA:15,0
DA:16,0
DA:22,0
DA:24,0
DA:26,0
DA:27,0
DA:28,0
DA:30,0
DA:31,0
DA:35,0
DA:36,0
DA:43,0
DA:44,0
DA:52,0
DA:53,0
DA:54,0
DA:55,0
DA:58,0
DA:61,0
DA:66,0
DA:69,0
DA:75,0
DA:76,0
DA:78,0
DA:79,0
DA:88,0
DA:89,0
DA:90,0
DA:91,0
DA:94,0
DA:97,0
DA:99,0
DA:110,0
DA:111,0
DA:113,0
DA:114,0
DA:123,0
DA:124,0
DA:125,0
DA:126,0
DA:129,0
DA:139,0
DA:140,0
DA:142,0
DA:143,0
DA:151,0
DA:152,0
DA:153,0
DA:155,0
DA:161,0
DA:162,0
DA:163,0
DA:165,0
DA:170,0
DA:175,0
DA:176,0
DA:177,0
DA:178,0
DA:183,0
DA:188,0
DA:189,0
DA:191,0
DA:192,0
DA:206,0
DA:207,0
DA:208,0
DA:210,0
DA:211,0
DA:212,0
DA:214,0
DA:215,0
DA:216,0
DA:223,0
DA:224,0
DA:225,0
DA:226,0
DA:227,0
DA:228,0
DA:229,0
DA:230,0
DA:231,0
DA:232,0
DA:233,0
LF:85
LH:0
BRDA:58,0,0,0
BRDA:58,0,1,0
BRDA:58,0,2,0
BRDA:62,1,0,0
BRDA:62,1,1,0
BRDA:63,2,0,0
BRDA:63,2,1,0
BRDA:64,3,0,0
BRDA:64,3,1,0
BRDA:65,4,0,0
BRDA:65,4,1,0
BRDA:68,5,0,0
BRDA:68,5,1,0
BRDA:72,6,0,0
BRDA:72,6,1,0
BRDA:94,7,0,0
BRDA:94,7,1,0
BRDA:94,7,2,0
BRDA:98,8,0,0
BRDA:98,8,1,0
BRDA:99,9,0,0
BRDA:99,9,1,0
BRDA:102,10,0,0
BRDA:102,10,1,0
BRDA:105,11,0,0
BRDA:105,11,1,0
BRDA:106,12,0,0
BRDA:106,12,1,0
BRDA:133,13,0,0
BRDA:133,13,1,0
BRDA:134,14,0,0
BRDA:134,14,1,0
BRDA:135,15,0,0
BRDA:135,15,1,0
BRDA:161,16,0,0
BRDA:161,16,1,0
BRDA:161,16,2,0
BRDA:162,17,0,0
BRDA:162,17,1,0
BRDA:162,17,2,0
BRDA:163,18,0,0
BRDA:163,18,1,0
BRDA:163,18,2,0
BRDA:214,19,0,0
BRDA:214,19,1,0
BRDA:215,20,0,0
BRDA:215,20,1,0
BRF:47
BRH:0
end_of_record
